0 info it worked if it ends with ok
1 verbose cli [ '/usr/local/Cellar/node/7.6.0/bin/node',
1 verbose cli   '/usr/local/bin/npm',
1 verbose cli   'run',
1 verbose cli   'start-local' ]
2 info using npm@4.1.2
3 info using node@v7.6.0
4 verbose run-script [ 'prestart-local', 'start-local', 'poststart-local' ]
5 info lifecycle frontend@1.0.0~prestart-local: frontend@1.0.0
6 silly lifecycle frontend@1.0.0~prestart-local: no script for prestart-local, continuing
7 info lifecycle frontend@1.0.0~start-local: frontend@1.0.0
8 verbose lifecycle frontend@1.0.0~start-local: unsafe-perm in lifecycle true
9 verbose lifecycle frontend@1.0.0~start-local: PATH: /usr/local/lib/node_modules/npm/bin/node-gyp-bin:/Users/tarunsharma-xft/Next.io/node_modules/.bin:/Users/tarunsharma-xft/.rbenv/shims:/Users/tarunsharma-xft/.bin:/usr/local/bin:/usr/bin:/bin:/usr/sbin:/sbin:.git/safe/../../bin:/Users/tarunsharma-xft/.bin:/usr/local/sbin:/usr/local/Cellar/node/7.6.0/bin
10 verbose lifecycle frontend@1.0.0~start-local: CWD: /Users/tarunsharma-xft/Next.io
11 silly lifecycle frontend@1.0.0~start-local: Args: [ '-c',
11 silly lifecycle   'webpack-dev-server --config ./webpack.config.js  --hot --inline --progress' ]
12 silly lifecycle frontend@1.0.0~start-local: Returned: code: 1  signal: null
13 info lifecycle frontend@1.0.0~start-local: Failed to exec start-local script
14 verbose stack Error: frontend@1.0.0 start-local: `webpack-dev-server --config ./webpack.config.js  --hot --inline --progress`
14 verbose stack Exit status 1
14 verbose stack     at EventEmitter.<anonymous> (/usr/local/lib/node_modules/npm/lib/utils/lifecycle.js:279:16)
14 verbose stack     at emitTwo (events.js:106:13)
14 verbose stack     at EventEmitter.emit (events.js:192:7)
14 verbose stack     at ChildProcess.<anonymous> (/usr/local/lib/node_modules/npm/lib/utils/spawn.js:40:14)
14 verbose stack     at emitTwo (events.js:106:13)
14 verbose stack     at ChildProcess.emit (events.js:192:7)
14 verbose stack     at maybeClose (internal/child_process.js:890:16)
14 verbose stack     at Process.ChildProcess._handle.onexit (internal/child_process.js:226:5)
15 verbose pkgid frontend@1.0.0
16 verbose cwd /Users/tarunsharma-xft/Next.io
17 error Darwin 16.4.0
18 error argv "/usr/local/Cellar/node/7.6.0/bin/node" "/usr/local/bin/npm" "run" "start-local"
19 error node v7.6.0
20 error npm  v4.1.2
21 error code ELIFECYCLE
22 error frontend@1.0.0 start-local: `webpack-dev-server --config ./webpack.config.js  --hot --inline --progress`
22 error Exit status 1
23 error Failed at the frontend@1.0.0 start-local script 'webpack-dev-server --config ./webpack.config.js  --hot --inline --progress'.
23 error Make sure you have the latest version of node.js and npm installed.
23 error If you do, this is most likely a problem with the frontend package,
23 error not with npm itself.
23 error Tell the author that this fails on your system:
23 error     webpack-dev-server --config ./webpack.config.js  --hot --inline --progress
23 error You can get information on how to open an issue for this project with:
23 error     npm bugs frontend
23 error Or if that isn't available, you can get their info via:
23 error     npm owner ls frontend
23 error There is likely additional logging output above.
24 verbose exit [ 1, true ]
